Info: Starting: Create block symbol file (.bsf)
Info: qsys-generate C:\Users\thelu\Documents\GitHub\sdpbldabagaceira_teamchinchila\cpu.qsys --block-symbol-file --output-directory=C:\Users\thelu\Documents\GitHub\sdpbldabagaceira_teamchinchila\cpu --family="Cyclone IV E" --part=EP4CE6E22C8
Progress: Loading sdpbldabagaceira_teamchinchila/cpu.qsys
Progress: Reading input file
Progress: Adding clk_0 [clock_source 18.1]
Progress: Parameterizing module clk_0
Progress: Adding jtag_uart_0 [altera_avalon_jtag_uart 18.1]
Progress: Parameterizing module jtag_uart_0
Progress: Adding nios2_gen2_0 [altera_nios2_gen2 18.1]
Progress: Parameterizing module nios2_gen2_0
Progress: Adding onchip_memory2_0 [altera_avalon_onchip_memory2 18.1]
Progress: Parameterizing module onchip_memory2_0
Progress: Adding pio [altera_avalon_pio 18.1]
Progress: Parameterizing module pio
Progress: Adding pio_0 [altera_avalon_pio 18.1]
Progress: Parameterizing module pio_0
Progress: Adding pio_buzzer [altera_avalon_pio 18.1]
Progress: Parameterizing module pio_buzzer
Progress: Adding rs232_0 [altera_up_avalon_rs232 17.1]
Progress: Parameterizing module rs232_0
Progress: Adding vga_0 [vga 1.0]
Progress: Parameterizing module vga_0
Progress: Building connections
Progress: Parameterizing connections
Progress: Validating
Progress: Done reading input file
Info: cpu.jtag_uart_0: JTAG UART IP input clock need to be at least double (2x) the operating frequency of JTAG TCK on board
Info: cpu.pio: PIO inputs are not hardwired in test bench. Undefined values will be read from PIO inputs during simulation.
Info: qsys-generate succeeded.
Info: Finished: Create block symbol file (.bsf)
Info: 
Info: Starting: Create HDL design files for synthesis
Info: qsys-generate C:\Users\thelu\Documents\GitHub\sdpbldabagaceira_teamchinchila\cpu.qsys --synthesis=VERILOG --output-directory=C:\Users\thelu\Documents\GitHub\sdpbldabagaceira_teamchinchila\cpu\synthesis --family="Cyclone IV E" --part=EP4CE6E22C8
Progress: Loading sdpbldabagaceira_teamchinchila/cpu.qsys
Progress: Reading input file
Progress: Adding clk_0 [clock_source 18.1]
Progress: Parameterizing module clk_0
Progress: Adding jtag_uart_0 [altera_avalon_jtag_uart 18.1]
Progress: Parameterizing module jtag_uart_0
Progress: Adding nios2_gen2_0 [altera_nios2_gen2 18.1]
Progress: Parameterizing module nios2_gen2_0
Progress: Adding onchip_memory2_0 [altera_avalon_onchip_memory2 18.1]
Progress: Parameterizing module onchip_memory2_0
Progress: Adding pio [altera_avalon_pio 18.1]
Progress: Parameterizing module pio
Progress: Adding pio_0 [altera_avalon_pio 18.1]
Progress: Parameterizing module pio_0
Progress: Adding pio_buzzer [altera_avalon_pio 18.1]
Progress: Parameterizing module pio_buzzer
Progress: Adding rs232_0 [altera_up_avalon_rs232 17.1]
Progress: Parameterizing module rs232_0
Progress: Adding vga_0 [vga 1.0]
Progress: Parameterizing module vga_0
Progress: Building connections
Progress: Parameterizing connections
Progress: Validating
Progress: Done reading input file
Info: cpu.jtag_uart_0: JTAG UART IP input clock need to be at least double (2x) the operating frequency of JTAG TCK on board
Info: cpu.pio: PIO inputs are not hardwired in test bench. Undefined values will be read from PIO inputs during simulation.
Info: cpu: Generating cpu "cpu" for QUARTUS_SYNTH
Warning: cpu: "No matching role found for nios2_gen2_0_custom_instruction_master_multi_xconnect:ci_slave:ci_slave_ipending (ipending)"
Warning: cpu: "No matching role found for nios2_gen2_0_custom_instruction_master_multi_xconnect:ci_slave:ci_slave_estatus (estatus)"
Warning: cpu: "No matching role found for nios2_gen2_0_custom_instruction_master_multi_slave_translator0:ci_master:ci_master_result (result)"
Warning: cpu: "No matching role found for nios2_gen2_0_custom_instruction_master_multi_slave_translator0:ci_master:ci_master_reset (reset)"
Info: jtag_uart_0: Starting RTL generation for module 'cpu_jtag_uart_0'
Info: jtag_uart_0:   Generation command is [exec C:/intelfpga_lite/18.1/quartus/bin64/perl/bin/perl.exe -I C:/intelfpga_lite/18.1/quartus/bin64/perl/lib -I C:/intelfpga_lite/18.1/quartus/sopc_builder/bin/europa -I C:/intelfpga_lite/18.1/quartus/sopc_builder/bin/perl_lib -I C:/intelfpga_lite/18.1/quartus/sopc_builder/bin -I C:/intelfpga_lite/18.1/quartus/../ip/altera/sopc_builder_ip/common -I C:/intelfpga_lite/18.1/quartus/../ip/altera/sopc_builder_ip/altera_avalon_jtag_uart -- C:/intelfpga_lite/18.1/quartus/../ip/altera/sopc_builder_ip/altera_avalon_jtag_uart/generate_rtl.pl --name=cpu_jtag_uart_0 --dir=C:/Users/thelu/AppData/Local/Temp/alt8155_1933759434315593748.dir/0052_jtag_uart_0_gen/ --quartus_dir=C:/intelfpga_lite/18.1/quartus --verilog --config=C:/Users/thelu/AppData/Local/Temp/alt8155_1933759434315593748.dir/0052_jtag_uart_0_gen//cpu_jtag_uart_0_component_configuration.pl  --do_build_sim=0  ]
Info: jtag_uart_0: Done RTL generation for module 'cpu_jtag_uart_0'
Info: jtag_uart_0: "cpu" instantiated altera_avalon_jtag_uart "jtag_uart_0"
Info: nios2_gen2_0: "cpu" instantiated altera_nios2_gen2 "nios2_gen2_0"
Info: onchip_memory2_0: Starting RTL generation for module 'cpu_onchip_memory2_0'
Info: onchip_memory2_0:   Generation command is [exec C:/intelfpga_lite/18.1/quartus/bin64/perl/bin/perl.exe -I C:/intelfpga_lite/18.1/quartus/bin64/perl/lib -I C:/intelfpga_lite/18.1/quartus/sopc_builder/bin/europa -I C:/intelfpga_lite/18.1/quartus/sopc_builder/bin/perl_lib -I C:/intelfpga_lite/18.1/quartus/sopc_builder/bin -I C:/intelfpga_lite/18.1/quartus/../ip/altera/sopc_builder_ip/common -I C:/intelfpga_lite/18.1/quartus/../ip/altera/sopc_builder_ip/altera_avalon_onchip_memory2 -- C:/intelfpga_lite/18.1/quartus/../ip/altera/sopc_builder_ip/altera_avalon_onchip_memory2/generate_rtl.pl --name=cpu_onchip_memory2_0 --dir=C:/Users/thelu/AppData/Local/Temp/alt8155_1933759434315593748.dir/0053_onchip_memory2_0_gen/ --quartus_dir=C:/intelfpga_lite/18.1/quartus --verilog --config=C:/Users/thelu/AppData/Local/Temp/alt8155_1933759434315593748.dir/0053_onchip_memory2_0_gen//cpu_onchip_memory2_0_component_configuration.pl  --do_build_sim=0  ]
Info: onchip_memory2_0: Done RTL generation for module 'cpu_onchip_memory2_0'
Info: onchip_memory2_0: "cpu" instantiated altera_avalon_onchip_memory2 "onchip_memory2_0"
Info: pio: Starting RTL generation for module 'cpu_pio'
Info: pio:   Generation command is [exec C:/intelfpga_lite/18.1/quartus/bin64/perl/bin/perl.exe -I C:/intelfpga_lite/18.1/quartus/bin64/perl/lib -I C:/intelfpga_lite/18.1/quartus/sopc_builder/bin/europa -I C:/intelfpga_lite/18.1/quartus/sopc_builder/bin/perl_lib -I C:/intelfpga_lite/18.1/quartus/sopc_builder/bin -I C:/intelfpga_lite/18.1/quartus/../ip/altera/sopc_builder_ip/common -I C:/intelfpga_lite/18.1/quartus/../ip/altera/sopc_builder_ip/altera_avalon_pio -- C:/intelfpga_lite/18.1/quartus/../ip/altera/sopc_builder_ip/altera_avalon_pio/generate_rtl.pl --name=cpu_pio --dir=C:/Users/thelu/AppData/Local/Temp/alt8155_1933759434315593748.dir/0054_pio_gen/ --quartus_dir=C:/intelfpga_lite/18.1/quartus --verilog --config=C:/Users/thelu/AppData/Local/Temp/alt8155_1933759434315593748.dir/0054_pio_gen//cpu_pio_component_configuration.pl  --do_build_sim=0  ]
Info: pio: Done RTL generation for module 'cpu_pio'
Info: pio: "cpu" instantiated altera_avalon_pio "pio"
Info: pio_0: Starting RTL generation for module 'cpu_pio_0'
Info: pio_0:   Generation command is [exec C:/intelfpga_lite/18.1/quartus/bin64/perl/bin/perl.exe -I C:/intelfpga_lite/18.1/quartus/bin64/perl/lib -I C:/intelfpga_lite/18.1/quartus/sopc_builder/bin/europa -I C:/intelfpga_lite/18.1/quartus/sopc_builder/bin/perl_lib -I C:/intelfpga_lite/18.1/quartus/sopc_builder/bin -I C:/intelfpga_lite/18.1/quartus/../ip/altera/sopc_builder_ip/common -I C:/intelfpga_lite/18.1/quartus/../ip/altera/sopc_builder_ip/altera_avalon_pio -- C:/intelfpga_lite/18.1/quartus/../ip/altera/sopc_builder_ip/altera_avalon_pio/generate_rtl.pl --name=cpu_pio_0 --dir=C:/Users/thelu/AppData/Local/Temp/alt8155_1933759434315593748.dir/0055_pio_0_gen/ --quartus_dir=C:/intelfpga_lite/18.1/quartus --verilog --config=C:/Users/thelu/AppData/Local/Temp/alt8155_1933759434315593748.dir/0055_pio_0_gen//cpu_pio_0_component_configuration.pl  --do_build_sim=0  ]
Info: pio_0: Done RTL generation for module 'cpu_pio_0'
Info: pio_0: "cpu" instantiated altera_avalon_pio "pio_0"
Info: pio_buzzer: Starting RTL generation for module 'cpu_pio_buzzer'
Info: pio_buzzer:   Generation command is [exec C:/intelfpga_lite/18.1/quartus/bin64/perl/bin/perl.exe -I C:/intelfpga_lite/18.1/quartus/bin64/perl/lib -I C:/intelfpga_lite/18.1/quartus/sopc_builder/bin/europa -I C:/intelfpga_lite/18.1/quartus/sopc_builder/bin/perl_lib -I C:/intelfpga_lite/18.1/quartus/sopc_builder/bin -I C:/intelfpga_lite/18.1/quartus/../ip/altera/sopc_builder_ip/common -I C:/intelfpga_lite/18.1/quartus/../ip/altera/sopc_builder_ip/altera_avalon_pio -- C:/intelfpga_lite/18.1/quartus/../ip/altera/sopc_builder_ip/altera_avalon_pio/generate_rtl.pl --name=cpu_pio_buzzer --dir=C:/Users/thelu/AppData/Local/Temp/alt8155_1933759434315593748.dir/0056_pio_buzzer_gen/ --quartus_dir=C:/intelfpga_lite/18.1/quartus --verilog --config=C:/Users/thelu/AppData/Local/Temp/alt8155_1933759434315593748.dir/0056_pio_buzzer_gen//cpu_pio_buzzer_component_configuration.pl  --do_build_sim=0  ]
Info: pio_buzzer: Done RTL generation for module 'cpu_pio_buzzer'
Info: pio_buzzer: "cpu" instantiated altera_avalon_pio "pio_buzzer"
Info: rs232_0: Starting Generation of RS232 UART
Info: rs232_0: "cpu" instantiated altera_up_avalon_rs232 "rs232_0"
Info: vga_0: "cpu" instantiated vga "vga_0"
Info: nios2_gen2_0_custom_instruction_master_translator: "cpu" instantiated altera_customins_master_translator "nios2_gen2_0_custom_instruction_master_translator"
Info: nios2_gen2_0_custom_instruction_master_multi_xconnect: "cpu" instantiated altera_customins_xconnect "nios2_gen2_0_custom_instruction_master_multi_xconnect"
Info: nios2_gen2_0_custom_instruction_master_multi_slave_translator0: "cpu" instantiated altera_customins_slave_translator "nios2_gen2_0_custom_instruction_master_multi_slave_translator0"
Info: avalon_st_adapter: Inserting error_adapter: error_adapter_0
Info: avalon_st_adapter_001: Inserting error_adapter: error_adapter_0
Info: avalon_st_adapter_002: Inserting error_adapter: error_adapter_0
Info: avalon_st_adapter_003: Inserting error_adapter: error_adapter_0
Info: avalon_st_adapter_004: Inserting error_adapter: error_adapter_0
Info: avalon_st_adapter_005: Inserting error_adapter: error_adapter_0
Info: avalon_st_adapter_006: Inserting error_adapter: error_adapter_0
Info: mm_interconnect_0: "cpu" instantiated altera_mm_interconnect "mm_interconnect_0"
Info: irq_mapper: "cpu" instantiated altera_irq_mapper "irq_mapper"
Info: rst_controller: "cpu" instantiated altera_reset_controller "rst_controller"
Info: cpu: Starting RTL generation for module 'cpu_nios2_gen2_0_cpu'
Info: cpu:   Generation command is [exec C:/intelFPGA_lite/18.1/quartus/bin64//eperlcmd.exe -I C:/intelFPGA_lite/18.1/quartus/bin64//perl/lib -I C:/intelfpga_lite/18.1/quartus/sopc_builder/bin/europa -I C:/intelfpga_lite/18.1/quartus/sopc_builder/bin/perl_lib -I C:/intelfpga_lite/18.1/quartus/sopc_builder/bin -I C:/intelfpga_lite/18.1/quartus/../ip/altera/nios2_ip/altera_nios2_gen2/cpu_lib -I C:/intelfpga_lite/18.1/quartus/../ip/altera/nios2_ip/altera_nios2_gen2/nios_lib -I C:/intelfpga_lite/18.1/quartus/../ip/altera/nios2_ip/altera_nios2_gen2 -I C:/intelfpga_lite/18.1/quartus/../ip/altera/nios2_ip/altera_nios2_gen2 -- C:/intelfpga_lite/18.1/quartus/../ip/altera/nios2_ip/altera_nios2_gen2/generate_rtl.epl --name=cpu_nios2_gen2_0_cpu --dir=C:/Users/thelu/AppData/Local/Temp/alt8155_1933759434315593748.dir/0064_cpu_gen/ --quartus_bindir=C:/intelFPGA_lite/18.1/quartus/bin64/ --verilog --config=C:/Users/thelu/AppData/Local/Temp/alt8155_1933759434315593748.dir/0064_cpu_gen//cpu_nios2_gen2_0_cpu_processor_configuration.pl  --do_build_sim=0  ]
Info: cpu: # 2019.09.16 15:19:20 (*) Starting Nios II generation
Info: cpu: # 2019.09.16 15:19:20 (*)   Checking for plaintext license.
Info: cpu: # 2019.09.16 15:19:21 (*)   Couldn't query license setup in Quartus directory C:/intelFPGA_lite/18.1/quartus/bin64/
Info: cpu: # 2019.09.16 15:19:21 (*)   Defaulting to contents of LM_LICENSE_FILE environment variable
Info: cpu: # 2019.09.16 15:19:21 (*)   LM_LICENSE_FILE environment variable is empty
Info: cpu: # 2019.09.16 15:19:21 (*)   Plaintext license not found.
Info: cpu: # 2019.09.16 15:19:21 (*)   No license required to generate encrypted Nios II/e.
Info: cpu: # 2019.09.16 15:19:21 (*)   Elaborating CPU configuration settings
Info: cpu: # 2019.09.16 15:19:21 (*)   Creating all objects for CPU
Info: cpu: # 2019.09.16 15:19:23 (*)   Generating RTL from CPU objects
Info: cpu: # 2019.09.16 15:19:23 (*)   Creating plain-text RTL
Info: cpu: # 2019.09.16 15:19:25 (*) Done Nios II generation
Info: cpu: Done RTL generation for module 'cpu_nios2_gen2_0_cpu'
Info: cpu: "nios2_gen2_0" instantiated altera_nios2_gen2_unit "cpu"
Info: nios2_gen2_0_data_master_translator: "mm_interconnect_0" instantiated altera_merlin_master_translator "nios2_gen2_0_data_master_translator"
Info: jtag_uart_0_avalon_jtag_slave_translator: "mm_interconnect_0" instantiated altera_merlin_slave_translator "jtag_uart_0_avalon_jtag_slave_translator"
Info: nios2_gen2_0_data_master_agent: "mm_interconnect_0" instantiated altera_merlin_master_agent "nios2_gen2_0_data_master_agent"
Info: jtag_uart_0_avalon_jtag_slave_agent: "mm_interconnect_0" instantiated altera_merlin_slave_agent "jtag_uart_0_avalon_jtag_slave_agent"
Info: jtag_uart_0_avalon_jtag_slave_agent_rsp_fifo: "mm_interconnect_0" instantiated altera_avalon_sc_fifo "jtag_uart_0_avalon_jtag_slave_agent_rsp_fifo"
Info: router: "mm_interconnect_0" instantiated altera_merlin_router "router"
Info: router_002: "mm_interconnect_0" instantiated altera_merlin_router "router_002"
Info: cmd_demux: "mm_interconnect_0" instantiated altera_merlin_demultiplexer "cmd_demux"
Info: cmd_mux: "mm_interconnect_0" instantiated altera_merlin_multiplexer "cmd_mux"
Info: rsp_demux: "mm_interconnect_0" instantiated altera_merlin_demultiplexer "rsp_demux"
Info: rsp_mux: "mm_interconnect_0" instantiated altera_merlin_multiplexer "rsp_mux"
Info: Reusing file C:/Users/thelu/Documents/GitHub/sdpbldabagaceira_teamchinchila/cpu/synthesis/submodules/altera_merlin_arbitrator.sv
Info: avalon_st_adapter: "mm_interconnect_0" instantiated altera_avalon_st_adapter "avalon_st_adapter"
Info: error_adapter_0: "avalon_st_adapter" instantiated error_adapter "error_adapter_0"
Info: cpu: Done "cpu" with 29 modules, 45 files
Info: qsys-generate succeeded.
Info: Finished: Create HDL design files for synthesis
